<?xml version="1.0" encoding="UTF-8"?>
<!-- Generated by org.testng.reporters.JUnitReportReporter -->
<testsuite hostname="Dell-PC" failures="0" tests="1" name="TestCases.Validatingtext" time="0.000" errors="0" timestamp="2020-05-03T18:06:56 IST" skipped="1">
  <testcase classname="TestCases.Validatingtext" name="basePageNavigation" time="0.000">
    <skipped/>
  </testcase> <!-- basePageNavigation -->
</testsuite> <!-- TestCases.Validatingtext -->
