<?xml version="1.0" encoding="UTF-8"?>
<!-- Generated by org.testng.reporters.JUnitReportReporter -->
<testsuite hostname="Dell-PC" failures="0" tests="1" name="TestCases.validateNavigationBar" time="0.902" errors="0" timestamp="2020-05-03T22:32:34 IST" skipped="0">
  <testcase classname="TestCases.validateNavigationBar" name="validateAppNavBar" time="0.902"/>
</testsuite> <!-- TestCases.validateNavigationBar -->
