<?xml version="1.0" encoding="UTF-8"?>
<!-- Generated by org.testng.reporters.JUnitReportReporter -->
<testsuite hostname="Dell-PC" failures="0" tests="2" name="TestCases.HomePage" time="76.209" errors="0" timestamp="2020-05-03T20:03:45 IST" skipped="0">
  <testcase classname="TestCases.HomePage" name="basePageNavigation" time="14.914"/>
  <testcase classname="TestCases.HomePage" name="basePageNavigation" time="61.295"/>
</testsuite> <!-- TestCases.HomePage -->
