<?xml version="1.0" encoding="UTF-8"?>
<!-- Generated by org.testng.reporters.JUnitReportReporter -->
<testsuite hostname="Dell-PC" failures="0" tests="1" name="TestCases.AppTest" time="0.006" errors="0" timestamp="2020-05-03T22:49:50 IST" skipped="0">
  <testcase classname="TestCases.AppTest" name="testApp" time="0.006"/>
</testsuite> <!-- TestCases.AppTest -->
